<?xml version="1.0" encoding="UTF-8"?>
<!-- Generated by org.testng.reporters.JUnitReportReporter -->
<testsuite hostname="MININT-RFO2CK0" name="com.uscourts2.ujspacourts.testCases.TestFile" tests="1" failures="0" timestamp="11 Dec 2016 00:14:59 GMT" time="0.045" errors="0">
  <testcase name="test" time="0.045" classname="com.uscourts2.ujspacourts.testCases.TestFile"/>
</testsuite> <!-- com.uscourts2.ujspacourts.testCases.TestFile -->
