<?xml version="1.0" encoding="UTF-8"?>
<!-- Generated by org.testng.reporters.JUnitReportReporter -->
<testsuite hostname="MININT-RFO2CK0" name="com.uscourts2.ujspacourts.testCases.Utility" tests="1" failures="0" timestamp="10 Dec 2016 17:52:11 GMT" time="0.597" errors="0">
  <testcase name="test" time="0.597" classname="com.uscourts2.ujspacourts.testCases.Utility"/>
</testsuite> <!-- com.uscourts2.ujspacourts.testCases.Utility -->
