<?xml version="1.0" encoding="UTF-8"?>
<!-- Generated by org.testng.reporters.JUnitReportReporter -->
<testsuite hostname="MININT-RFO2CK0" name="com.uscourts2.ujspacourts.testCases.AllPages" tests="5" failures="0" timestamp="11 Dec 2016 04:00:01 GMT" time="14.437" errors="0">
  <testcase name="Login" time="0.270" classname="com.uscourts2.ujspacourts.testCases.AllPages"/>
  <testcase name="startTest" time="7.450" classname="com.uscourts2.ujspacourts.testCases.AllPages"/>
  <testcase name="docketSheets" time="2.468" classname="com.uscourts2.ujspacourts.testCases.AllPages"/>
  <testcase name="Login" time="2.964" classname="com.uscourts2.ujspacourts.testCases.AllPages"/>
  <testcase name="Login" time="1.285" classname="com.uscourts2.ujspacourts.testCases.AllPages"/>
</testsuite> <!-- com.uscourts2.ujspacourts.testCases.AllPages -->
