<?xml version="1.0" encoding="UTF-8"?>
<!-- Generated by org.testng.reporters.JUnitReportReporter -->
<testsuite hostname="MININT-RFO2CK0" name="com.uscourts2.ujspacourts.testCases.AllPages" tests="5" failures="0" timestamp="11 Dec 2016 00:47:23 GMT" time="15.945" errors="0">
  <testcase name="startTest" time="8.680" classname="com.uscourts2.ujspacourts.testCases.AllPages"/>
  <testcase name="docketSheets" time="0.292" classname="com.uscourts2.ujspacourts.testCases.AllPages"/>
  <testcase name="Login" time="2.670" classname="com.uscourts2.ujspacourts.testCases.AllPages"/>
  <testcase name="Login" time="2.996" classname="com.uscourts2.ujspacourts.testCases.AllPages"/>
  <testcase name="Login" time="1.307" classname="com.uscourts2.ujspacourts.testCases.AllPages"/>
</testsuite> <!-- com.uscourts2.ujspacourts.testCases.AllPages -->
