<?xml version="1.0" encoding="UTF-8"?>
<!-- Generated by org.testng.reporters.JUnitReportReporter -->
<testsuite hostname="MININT-RFO2CK0" name="com.uscourts2.ujspacourts.testCases.Keywords" tests="1" failures="0" timestamp="10 Dec 2016 03:10:13 GMT" time="7.632" errors="0">
  <testcase name="openBrowser" time="7.632" classname="com.uscourts2.ujspacourts.testCases.Keywords"/>
</testsuite> <!-- com.uscourts2.ujspacourts.testCases.Keywords -->
